<?xml version="1.0" encoding="UTF-8"?>
<!-- Generated by org.testng.reporters.JUnitReportReporter -->
<testsuite skipped="0" hostname="FZK" name="jenkinspackage.JenkinsPgm" tests="3" failures="0" timestamp="04 Feb 2022 17:37:36 GMT" time="0.029" errors="0">
  <testcase name="hello" time="0.020" classname="jenkinspackage.JenkinsPgm"/>
  <testcase name="methodtwo" time="0.004" classname="jenkinspackage.JenkinsPgm"/>
  <testcase name="jenkinsthree" time="0.005" classname="jenkinspackage.JenkinsPgm"/>
</testsuite> <!-- jenkinspackage.JenkinsPgm -->
